#
# There is insufficient memory for the Java Runtime Environment to continue.
# Native memory allocation (malloc) failed to allocate 627776 bytes for Chunk::new
# Possible reasons:
#   The system is out of physical RAM or swap space
#   The process is running with CompressedOops enabled, and the Java Heap may be blocking the growth of the native heap
# Possible solutions:
#   Reduce memory load on the system
#   Increase physical memory or swap space
#   Check if swap backing store is full
#   Decrease Java heap size (-Xmx/-Xms)
#   Decrease number of Java threads
#   Decrease Java thread stack sizes (-Xss)
#   Set larger code cache with -XX:ReservedCodeCacheSize=
#   JVM is running with Zero Based Compressed Oops mode in which the Java heap is
#     placed in the first 32GB address space. The Java Heap base address is the
#     maximum limit for the native heap growth. Please use -XX:HeapBaseMinAddress
#     to set the Java Heap base and to place the Java Heap above 32GB virtual address.
# This output file may be truncated or incomplete.
#
#  Out of Memory Error (arena.cpp:189), pid=5888, tid=9840
#
# JRE version: Java(TM) SE Runtime Environment (17.0.9+11) (build 17.0.9+11-LTS-201)
# Java VM: Java HotSpot(TM) 64-Bit Server VM (17.0.9+11-LTS-201, mixed mode, sharing, tiered, compressed oops, compressed class ptrs, g1 gc, windows-amd64)
# No core dump will be written. Minidumps are not enabled by default on client versions of Windows
#

---------------  S U M M A R Y ------------

Command Line: -XX:+ShowCodeDetailsInExceptionMessages Java.enit.Catalog.CatalogeApplication

Host: Intel(R) Core(TM) i7-10750H CPU @ 2.60GHz, 12 cores, 15G,  Windows 11 , 64 bit Build 22621 (10.0.22621.2506)
Time: Sat Dec 23 01:34:43 2023 Romance Standard Time elapsed time: 1.365869 seconds (0d 0h 0m 1s)

---------------  T H R E A D  ---------------

Current thread (0x000001773278a3b0):  JavaThread "C2 CompilerThread1" daemon [_thread_in_native, id=9840, stack(0x0000001e9a600000,0x0000001e9a700000)]


Current CompileTask:
C2:   1366 2459   !   4       jdk.internal.loader.BuiltinClassLoader::loadClassOrNull (143 bytes)

Stack: [0x0000001e9a600000,0x0000001e9a700000]
Native frames: (J=compiled Java code, j=interpreted, Vv=VM code, C=native code)
V  [jvm.dll+0x678a4a]
V  [jvm.dll+0x7d9cfd]
V  [jvm.dll+0x7db60e]
V  [jvm.dll+0x7dbc73]
V  [jvm.dll+0x245e1f]
V  [jvm.dll+0xaaafb]
V  [jvm.dll+0xab09c]
V  [jvm.dll+0x2ab7ef]
V  [jvm.dll+0x5812e5]
V  [jvm.dll+0x220c52]
V  [jvm.dll+0x219850]
V  [jvm.dll+0x217459]
V  [jvm.dll+0x1a3bc0]
V  [jvm.dll+0x2272de]
V  [jvm.dll+0x22548b]
V  [jvm.dll+0x78f58c]
V  [jvm.dll+0x78998a]
V  [jvm.dll+0x677875]
C  [ucrtbase.dll+0x29363]
C  [KERNEL32.DLL+0x1257d]
C  [ntdll.dll+0x5aa58]


---------------  P R O C E S S  ---------------

Threads class SMR info:
_java_thread_list=0x000001777a0566b0, length=16, elements={
0x000001770f303a00, 0x00000177323cb110, 0x00000177323cbf90, 0x00000177323e3d60,
0x00000177323e6830, 0x00000177323e71f0, 0x00000177323e8760, 0x00000177323e9bf0,
0x00000177323ee340, 0x00000177324f2830, 0x00000177326228d0, 0x0000017732632190,
0x000001773278a3b0, 0x00000177785a2ab0, 0x0000017778da37b0, 0x0000017778da84b0
}

Java Threads: ( => current thread )
  0x000001770f303a00 JavaThread "main" [_thread_blocked, id=15208, stack(0x0000001e99300000,0x0000001e99400000)]
  0x00000177323cb110 JavaThread "Reference Handler" daemon [_thread_blocked, id=16988, stack(0x0000001e99a00000,0x0000001e99b00000)]
  0x00000177323cbf90 JavaThread "Finalizer" daemon [_thread_blocked, id=15292, stack(0x0000001e99b00000,0x0000001e99c00000)]
  0x00000177323e3d60 JavaThread "Signal Dispatcher" daemon [_thread_blocked, id=14904, stack(0x0000001e99c00000,0x0000001e99d00000)]
  0x00000177323e6830 JavaThread "Attach Listener" daemon [_thread_blocked, id=4872, stack(0x0000001e99d00000,0x0000001e99e00000)]
  0x00000177323e71f0 JavaThread "Service Thread" daemon [_thread_blocked, id=17872, stack(0x0000001e99e00000,0x0000001e99f00000)]
  0x00000177323e8760 JavaThread "Monitor Deflation Thread" daemon [_thread_blocked, id=13500, stack(0x0000001e99f00000,0x0000001e9a000000)]
  0x00000177323e9bf0 JavaThread "C2 CompilerThread0" daemon [_thread_in_native, id=14708, stack(0x0000001e9a000000,0x0000001e9a100000)]
  0x00000177323ee340 JavaThread "C1 CompilerThread0" daemon [_thread_in_native, id=15564, stack(0x0000001e9a100000,0x0000001e9a200000)]
  0x00000177324f2830 JavaThread "Sweeper thread" daemon [_thread_blocked, id=16784, stack(0x0000001e9a200000,0x0000001e9a300000)]
  0x00000177326228d0 JavaThread "Notification Thread" daemon [_thread_blocked, id=11908, stack(0x0000001e9a300000,0x0000001e9a400000)]
  0x0000017732632190 JavaThread "Common-Cleaner" daemon [_thread_blocked, id=14084, stack(0x0000001e9a500000,0x0000001e9a600000)]
=>0x000001773278a3b0 JavaThread "C2 CompilerThread1" daemon [_thread_in_native, id=9840, stack(0x0000001e9a600000,0x0000001e9a700000)]
  0x00000177785a2ab0 JavaThread "C2 CompilerThread2" daemon [_thread_in_native, id=2288, stack(0x0000001e9a700000,0x0000001e9a800000)]
  0x0000017778da37b0 JavaThread "Thread-0" [_thread_blocked, id=13036, stack(0x0000001e9ad00000,0x0000001e9ae00000)]
  0x0000017778da84b0 JavaThread "restartedMain" [_thread_in_Java, id=18632, stack(0x0000001e9ae00000,0x0000001e9af00000)]

Other Threads:
  0x00000177323c5d40 VMThread "VM Thread" [stack: 0x0000001e99900000,0x0000001e99a00000] [id=21388]
  0x000001770f3978c0 WatcherThread [stack: 0x0000001e9a400000,0x0000001e9a500000] [id=3832]
  0x000001770f376400 GCTaskThread "GC Thread#0" [stack: 0x0000001e99400000,0x0000001e99500000] [id=18116]
  0x0000017778640e60 GCTaskThread "GC Thread#1" [stack: 0x0000001e9a800000,0x0000001e9a900000] [id=5816]
  0x000001777867cd50 GCTaskThread "GC Thread#2" [stack: 0x0000001e9a900000,0x0000001e9aa00000] [id=2460]
  0x000001777867d010 GCTaskThread "GC Thread#3" [stack: 0x0000001e9aa00000,0x0000001e9ab00000] [id=11204]
  0x000001777867d2d0 GCTaskThread "GC Thread#4" [stack: 0x0000001e9ab00000,0x0000001e9ac00000] [id=18332]
  0x000001777867d590 GCTaskThread "GC Thread#5" [stack: 0x0000001e9ac00000,0x0000001e9ad00000] [id=21132]
  0x0000017779150290 GCTaskThread "GC Thread#6" [stack: 0x0000001e9b000000,0x0000001e9b100000] [id=7144]
  0x00000177791ddd00 GCTaskThread "GC Thread#7" [stack: 0x0000001e9b100000,0x0000001e9b200000] [id=20356]
  0x00000177796eb830 GCTaskThread "GC Thread#8" [stack: 0x0000001e9b200000,0x0000001e9b300000] [id=8692]
  0x000001777964fc50 GCTaskThread "GC Thread#9" [stack: 0x0000001e9b300000,0x0000001e9b400000] [id=17688]
  0x000001770f387090 ConcurrentGCThread "G1 Main Marker" [stack: 0x0000001e99500000,0x0000001e99600000] [id=21096]
  0x000001770f387aa0 ConcurrentGCThread "G1 Conc#0" [stack: 0x0000001e99600000,0x0000001e99700000] [id=13176]
  0x000001773227f140 ConcurrentGCThread "G1 Refine#0" [stack: 0x0000001e99700000,0x0000001e99800000] [id=19492]
  0x000001773227fc90 ConcurrentGCThread "G1 Service" [stack: 0x0000001e99800000,0x0000001e99900000] [id=14688]

Threads with active compile tasks:
C2 CompilerThread0     1386 2586       4       org.springframework.core.annotation.MergedAnnotationsCollection$AnnotationsSpliterator::getNextSuitableMapping (45 bytes)
C2 CompilerThread1     1386 2459   !   4       jdk.internal.loader.BuiltinClassLoader::loadClassOrNull (143 bytes)
C2 CompilerThread2     1386 2429       4       jdk.internal.module.SystemModuleFinders$SystemModuleReader::find (59 bytes)

VM state: not at safepoint (normal execution)

VM Mutex/Monitor currently owned by a thread: None

Heap address: 0x0000000702c00000, size: 4052 MB, Compressed Oops mode: Zero based, Oop shift amount: 3

CDS archive(s) mapped at: [0x0000017733000000-0x0000017733bd0000-0x0000017733bd0000), size 12386304, SharedBaseAddress: 0x0000017733000000, ArchiveRelocationMode: 1.
Compressed class space mapped at: 0x0000017734000000-0x0000017774000000, reserved size: 1073741824
Narrow klass base: 0x0000017733000000, Narrow klass shift: 0, Narrow klass range: 0x100000000

GC Precious Log:
 CPUs: 12 total, 12 available
 Memory: 16202M
 Large Page Support: Disabled
 NUMA Support: Disabled
 Compressed Oops: Enabled (Zero based)
 Heap Region Size: 2M
 Heap Min Capacity: 8M
 Heap Initial Capacity: 254M
 Heap Max Capacity: 4052M
 Pre-touch: Disabled
 Parallel Workers: 10
 Concurrent Workers: 3
 Concurrent Refinement Workers: 10
 Periodic GC: Disabled

Heap:
 garbage-first heap   total 260096K, used 23534K [0x0000000702c00000, 0x0000000800000000)
  region size 2048K, 9 young (18432K), 3 survivors (6144K)
 Metaspace       used 20951K, committed 21248K, reserved 1114112K
  class space    used 2654K, committed 2816K, reserved 1048576K

Heap Regions: E=young(eden), S=young(survivor), O=old, HS=humongous(starts), HC=humongous(continues), CS=collection set, F=free, OA=open archive, CA=closed archive, TAMS=top-at-mark-start (previous, next)
|   0|0x0000000702c00000, 0x0000000702e00000, 0x0000000702e00000|100%| O|  |TAMS 0x0000000702c00000, 0x0000000702c00000| Untracked 
|   1|0x0000000702e00000, 0x0000000703000000, 0x0000000703000000|100%| O|  |TAMS 0x0000000702e00000, 0x0000000702e00000| Untracked 
|   2|0x0000000703000000, 0x0000000703200000, 0x0000000703200000|100%| O|  |TAMS 0x0000000703000000, 0x0000000703000000| Untracked 
|   3|0x0000000703200000, 0x0000000703363600, 0x0000000703400000| 69%| O|  |TAMS 0x0000000703200000, 0x0000000703200000| Untracked 
|   4|0x0000000703400000, 0x0000000703400000, 0x0000000703600000|  0%| F|  |TAMS 0x0000000703400000, 0x0000000703400000| Untracked 
|   5|0x0000000703600000, 0x0000000703600000, 0x0000000703800000|  0%| F|  |TAMS 0x0000000703600000, 0x0000000703600000| Untracked 
|   6|0x0000000703800000, 0x0000000703800000, 0x0000000703a00000|  0%| F|  |TAMS 0x0000000703800000, 0x0000000703800000| Untracked 
|   7|0x0000000703a00000, 0x0000000703a00000, 0x0000000703c00000|  0%| F|  |TAMS 0x0000000703a00000, 0x0000000703a00000| Untracked 
|   8|0x0000000703c00000, 0x0000000703c00000, 0x0000000703e00000|  0%| F|  |TAMS 0x0000000703c00000, 0x0000000703c00000| Untracked 
|   9|0x0000000703e00000, 0x0000000703e00000, 0x0000000704000000|  0%| F|  |TAMS 0x0000000703e00000, 0x0000000703e00000| Untracked 
|  10|0x0000000704000000, 0x0000000704000000, 0x0000000704200000|  0%| F|  |TAMS 0x0000000704000000, 0x0000000704000000| Untracked 
|  11|0x0000000704200000, 0x0000000704200000, 0x0000000704400000|  0%| F|  |TAMS 0x0000000704200000, 0x0000000704200000| Untracked 
|  12|0x0000000704400000, 0x0000000704400000, 0x0000000704600000|  0%| F|  |TAMS 0x0000000704400000, 0x0000000704400000| Untracked 
|  13|0x0000000704600000, 0x0000000704600000, 0x0000000704800000|  0%| F|  |TAMS 0x0000000704600000, 0x0000000704600000| Untracked 
|  14|0x0000000704800000, 0x0000000704800000, 0x0000000704a00000|  0%| F|  |TAMS 0x0000000704800000, 0x0000000704800000| Untracked 
|  15|0x0000000704a00000, 0x0000000704a00000, 0x0000000704c00000|  0%| F|  |TAMS 0x0000000704a00000, 0x0000000704a00000| Untracked 
|  16|0x0000000704c00000, 0x0000000704c00000, 0x0000000704e00000|  0%| F|  |TAMS 0x0000000704c00000, 0x0000000704c00000| Untracked 
|  17|0x0000000704e00000, 0x0000000704e00000, 0x0000000705000000|  0%| F|  |TAMS 0x0000000704e00000, 0x0000000704e00000| Untracked 
|  18|0x0000000705000000, 0x0000000705000000, 0x0000000705200000|  0%| F|  |TAMS 0x0000000705000000, 0x0000000705000000| Untracked 
|  19|0x0000000705200000, 0x0000000705200000, 0x0000000705400000|  0%| F|  |TAMS 0x0000000705200000, 0x0000000705200000| Untracked 
|  20|0x0000000705400000, 0x0000000705400000, 0x0000000705600000|  0%| F|  |TAMS 0x0000000705400000, 0x0000000705400000| Untracked 
|  21|0x0000000705600000, 0x0000000705600000, 0x0000000705800000|  0%| F|  |TAMS 0x0000000705600000, 0x0000000705600000| Untracked 
|  22|0x0000000705800000, 0x0000000705800000, 0x0000000705a00000|  0%| F|  |TAMS 0x0000000705800000, 0x0000000705800000| Untracked 
|  23|0x0000000705a00000, 0x0000000705a00000, 0x0000000705c00000|  0%| F|  |TAMS 0x0000000705a00000, 0x0000000705a00000| Untracked 
|  24|0x0000000705c00000, 0x0000000705c00000, 0x0000000705e00000|  0%| F|  |TAMS 0x0000000705c00000, 0x0000000705c00000| Untracked 
|  25|0x0000000705e00000, 0x0000000705e00000, 0x0000000706000000|  0%| F|  |TAMS 0x0000000705e00000, 0x0000000705e00000| Untracked 
|  26|0x0000000706000000, 0x0000000706000000, 0x0000000706200000|  0%| F|  |TAMS 0x0000000706000000, 0x0000000706000000| Untracked 
|  27|0x0000000706200000, 0x0000000706200000, 0x0000000706400000|  0%| F|  |TAMS 0x0000000706200000, 0x0000000706200000| Untracked 
|  28|0x0000000706400000, 0x0000000706400000, 0x0000000706600000|  0%| F|  |TAMS 0x0000000706400000, 0x0000000706400000| Untracked 
|  29|0x0000000706600000, 0x0000000706600000, 0x0000000706800000|  0%| F|  |TAMS 0x0000000706600000, 0x0000000706600000| Untracked 
|  30|0x0000000706800000, 0x0000000706800000, 0x0000000706a00000|  0%| F|  |TAMS 0x0000000706800000, 0x0000000706800000| Untracked 
|  31|0x0000000706a00000, 0x0000000706a00000, 0x0000000706c00000|  0%| F|  |TAMS 0x0000000706a00000, 0x0000000706a00000| Untracked 
|  32|0x0000000706c00000, 0x0000000706c00000, 0x0000000706e00000|  0%| F|  |TAMS 0x0000000706c00000, 0x0000000706c00000| Untracked 
|  33|0x0000000706e00000, 0x0000000706e00000, 0x0000000707000000|  0%| F|  |TAMS 0x0000000706e00000, 0x0000000706e00000| Untracked 
|  34|0x0000000707000000, 0x0000000707000000, 0x0000000707200000|  0%| F|  |TAMS 0x0000000707000000, 0x0000000707000000| Untracked 
|  35|0x0000000707200000, 0x0000000707200000, 0x0000000707400000|  0%| F|  |TAMS 0x0000000707200000, 0x0000000707200000| Untracked 
|  36|0x0000000707400000, 0x0000000707400000, 0x0000000707600000|  0%| F|  |TAMS 0x0000000707400000, 0x0000000707400000| Untracked 
|  37|0x0000000707600000, 0x0000000707600000, 0x0000000707800000|  0%| F|  |TAMS 0x0000000707600000, 0x0000000707600000| Untracked 
|  38|0x0000000707800000, 0x0000000707800000, 0x0000000707a00000|  0%| F|  |TAMS 0x0000000707800000, 0x0000000707800000| Untracked 
|  39|0x0000000707a00000, 0x0000000707a00000, 0x0000000707c00000|  0%| F|  |TAMS 0x0000000707a00000, 0x0000000707a00000| Untracked 
|  40|0x0000000707c00000, 0x0000000707c00000, 0x0000000707e00000|  0%| F|  |TAMS 0x0000000707c00000, 0x0000000707c00000| Untracked 
|  41|0x0000000707e00000, 0x0000000707e00000, 0x0000000708000000|  0%| F|  |TAMS 0x0000000707e00000, 0x0000000707e00000| Untracked 
|  42|0x0000000708000000, 0x0000000708000000, 0x0000000708200000|  0%| F|  |TAMS 0x0000000708000000, 0x0000000708000000| Untracked 
|  43|0x0000000708200000, 0x0000000708200000, 0x0000000708400000|  0%| F|  |TAMS 0x0000000708200000, 0x0000000708200000| Untracked 
|  44|0x0000000708400000, 0x0000000708400000, 0x0000000708600000|  0%| F|  |TAMS 0x0000000708400000, 0x0000000708400000| Untracked 
|  45|0x0000000708600000, 0x0000000708600000, 0x0000000708800000|  0%| F|  |TAMS 0x0000000708600000, 0x0000000708600000| Untracked 
|  46|0x0000000708800000, 0x0000000708800000, 0x0000000708a00000|  0%| F|  |TAMS 0x0000000708800000, 0x0000000708800000| Untracked 
|  47|0x0000000708a00000, 0x0000000708a00000, 0x0000000708c00000|  0%| F|  |TAMS 0x0000000708a00000, 0x0000000708a00000| Untracked 
|  48|0x0000000708c00000, 0x0000000708c00000, 0x0000000708e00000|  0%| F|  |TAMS 0x0000000708c00000, 0x0000000708c00000| Untracked 
|  49|0x0000000708e00000, 0x0000000708e00000, 0x0000000709000000|  0%| F|  |TAMS 0x0000000708e00000, 0x0000000708e00000| Untracked 
|  50|0x0000000709000000, 0x0000000709000000, 0x0000000709200000|  0%| F|  |TAMS 0x0000000709000000, 0x0000000709000000| Untracked 
|  51|0x0000000709200000, 0x0000000709200000, 0x0000000709400000|  0%| F|  |TAMS 0x0000000709200000, 0x0000000709200000| Untracked 
|  52|0x0000000709400000, 0x0000000709400000, 0x0000000709600000|  0%| F|  |TAMS 0x0000000709400000, 0x0000000709400000| Untracked 
|  53|0x0000000709600000, 0x0000000709600000, 0x0000000709800000|  0%| F|  |TAMS 0x0000000709600000, 0x0000000709600000| Untracked 
|  54|0x0000000709800000, 0x0000000709800000, 0x0000000709a00000|  0%| F|  |TAMS 0x0000000709800000, 0x0000000709800000| Untracked 
|  55|0x0000000709a00000, 0x0000000709a00000, 0x0000000709c00000|  0%| F|  |TAMS 0x0000000709a00000, 0x0000000709a00000| Untracked 
|  56|0x0000000709c00000, 0x0000000709c00000, 0x0000000709e00000|  0%| F|  |TAMS 0x0000000709c00000, 0x0000000709c00000| Untracked 
|  57|0x0000000709e00000, 0x0000000709e00000, 0x000000070a000000|  0%| F|  |TAMS 0x0000000709e00000, 0x0000000709e00000| Untracked 
|  58|0x000000070a000000, 0x000000070a000000, 0x000000070a200000|  0%| F|  |TAMS 0x000000070a000000, 0x000000070a000000| Untracked 
|  59|0x000000070a200000, 0x000000070a200000, 0x000000070a400000|  0%| F|  |TAMS 0x000000070a200000, 0x000000070a200000| Untracked 
|  60|0x000000070a400000, 0x000000070a400000, 0x000000070a600000|  0%| F|  |TAMS 0x000000070a400000, 0x000000070a400000| Untracked 
|  61|0x000000070a600000, 0x000000070a600000, 0x000000070a800000|  0%| F|  |TAMS 0x000000070a600000, 0x000000070a600000| Untracked 
|  62|0x000000070a800000, 0x000000070a800000, 0x000000070aa00000|  0%| F|  |TAMS 0x000000070a800000, 0x000000070a800000| Untracked 
|  63|0x000000070aa00000, 0x000000070aa00000, 0x000000070ac00000|  0%| F|  |TAMS 0x000000070aa00000, 0x000000070aa00000| Untracked 
|  64|0x000000070ac00000, 0x000000070ac00000, 0x000000070ae00000|  0%| F|  |TAMS 0x000000070ac00000, 0x000000070ac00000| Untracked 
|  65|0x000000070ae00000, 0x000000070ae00000, 0x000000070b000000|  0%| F|  |TAMS 0x000000070ae00000, 0x000000070ae00000| Untracked 
|  66|0x000000070b000000, 0x000000070b000000, 0x000000070b200000|  0%| F|  |TAMS 0x000000070b000000, 0x000000070b000000| Untracked 
|  67|0x000000070b200000, 0x000000070b200000, 0x000000070b400000|  0%| F|  |TAMS 0x000000070b200000, 0x000000070b200000| Untracked 
|  68|0x000000070b400000, 0x000000070b400000, 0x000000070b600000|  0%| F|  |TAMS 0x000000070b400000, 0x000000070b400000| Untracked 
|  69|0x000000070b600000, 0x000000070b600000, 0x000000070b800000|  0%| F|  |TAMS 0x000000070b600000, 0x000000070b600000| Untracked 
|  70|0x000000070b800000, 0x000000070b800000, 0x000000070ba00000|  0%| F|  |TAMS 0x000000070b800000, 0x000000070b800000| Untracked 
|  71|0x000000070ba00000, 0x000000070ba00000, 0x000000070bc00000|  0%| F|  |TAMS 0x000000070ba00000, 0x000000070ba00000| Untracked 
|  72|0x000000070bc00000, 0x000000070bc00000, 0x000000070be00000|  0%| F|  |TAMS 0x000000070bc00000, 0x000000070bc00000| Untracked 
|  73|0x000000070be00000, 0x000000070be00000, 0x000000070c000000|  0%| F|  |TAMS 0x000000070be00000, 0x000000070be00000| Untracked 
|  74|0x000000070c000000, 0x000000070c000000, 0x000000070c200000|  0%| F|  |TAMS 0x000000070c000000, 0x000000070c000000| Untracked 
|  75|0x000000070c200000, 0x000000070c200000, 0x000000070c400000|  0%| F|  |TAMS 0x000000070c200000, 0x000000070c200000| Untracked 
|  76|0x000000070c400000, 0x000000070c400000, 0x000000070c600000|  0%| F|  |TAMS 0x000000070c400000, 0x000000070c400000| Untracked 
|  77|0x000000070c600000, 0x000000070c600000, 0x000000070c800000|  0%| F|  |TAMS 0x000000070c600000, 0x000000070c600000| Untracked 
|  78|0x000000070c800000, 0x000000070c800000, 0x000000070ca00000|  0%| F|  |TAMS 0x000000070c800000, 0x000000070c800000| Untracked 
|  79|0x000000070ca00000, 0x000000070ca00000, 0x000000070cc00000|  0%| F|  |TAMS 0x000000070ca00000, 0x000000070ca00000| Untracked 
|  80|0x000000070cc00000, 0x000000070cc00000, 0x000000070ce00000|  0%| F|  |TAMS 0x000000070cc00000, 0x000000070cc00000| Untracked 
|  81|0x000000070ce00000, 0x000000070ce00000, 0x000000070d000000|  0%| F|  |TAMS 0x000000070ce00000, 0x000000070ce00000| Untracked 
|  82|0x000000070d000000, 0x000000070d000000, 0x000000070d200000|  0%| F|  |TAMS 0x000000070d000000, 0x000000070d000000| Untracked 
|  83|0x000000070d200000, 0x000000070d200000, 0x000000070d400000|  0%| F|  |TAMS 0x000000070d200000, 0x000000070d200000| Untracked 
|  84|0x000000070d400000, 0x000000070d400000, 0x000000070d600000|  0%| F|  |TAMS 0x000000070d400000, 0x000000070d400000| Untracked 
|  85|0x000000070d600000, 0x000000070d600000, 0x000000070d800000|  0%| F|  |TAMS 0x000000070d600000, 0x000000070d600000| Untracked 
|  86|0x000000070d800000, 0x000000070d800000, 0x000000070da00000|  0%| F|  |TAMS 0x000000070d800000, 0x000000070d800000| Untracked 
|  87|0x000000070da00000, 0x000000070da00000, 0x000000070dc00000|  0%| F|  |TAMS 0x000000070da00000, 0x000000070da00000| Untracked 
|  88|0x000000070dc00000, 0x000000070dc00000, 0x000000070de00000|  0%| F|  |TAMS 0x000000070dc00000, 0x000000070dc00000| Untracked 
|  89|0x000000070de00000, 0x000000070de00000, 0x000000070e000000|  0%| F|  |TAMS 0x000000070de00000, 0x000000070de00000| Untracked 
|  90|0x000000070e000000, 0x000000070e000000, 0x000000070e200000|  0%| F|  |TAMS 0x000000070e000000, 0x000000070e000000| Untracked 
|  91|0x000000070e200000, 0x000000070e200000, 0x000000070e400000|  0%| F|  |TAMS 0x000000070e200000, 0x000000070e200000| Untracked 
|  92|0x000000070e400000, 0x000000070e400000, 0x000000070e600000|  0%| F|  |TAMS 0x000000070e400000, 0x000000070e400000| Untracked 
|  93|0x000000070e600000, 0x000000070e600000, 0x000000070e800000|  0%| F|  |TAMS 0x000000070e600000, 0x000000070e600000| Untracked 
|  94|0x000000070e800000, 0x000000070e800000, 0x000000070ea00000|  0%| F|  |TAMS 0x000000070e800000, 0x000000070e800000| Untracked 
|  95|0x000000070ea00000, 0x000000070ea00000, 0x000000070ec00000|  0%| F|  |TAMS 0x000000070ea00000, 0x000000070ea00000| Untracked 
|  96|0x000000070ec00000, 0x000000070ec00000, 0x000000070ee00000|  0%| F|  |TAMS 0x000000070ec00000, 0x000000070ec00000| Untracked 
|  97|0x000000070ee00000, 0x000000070ee00000, 0x000000070f000000|  0%| F|  |TAMS 0x000000070ee00000, 0x000000070ee00000| Untracked 
|  98|0x000000070f000000, 0x000000070f000000, 0x000000070f200000|  0%| F|  |TAMS 0x000000070f000000, 0x000000070f000000| Untracked 
|  99|0x000000070f200000, 0x000000070f3982c0, 0x000000070f400000| 79%| S|CS|TAMS 0x000000070f200000, 0x000000070f200000| Complete 
| 100|0x000000070f400000, 0x000000070f600000, 0x000000070f600000|100%| S|CS|TAMS 0x000000070f400000, 0x000000070f400000| Complete 
| 101|0x000000070f600000, 0x000000070f800000, 0x000000070f800000|100%| S|CS|TAMS 0x000000070f600000, 0x000000070f600000| Complete 
| 102|0x000000070f800000, 0x000000070f800000, 0x000000070fa00000|  0%| F|  |TAMS 0x000000070f800000, 0x000000070f800000| Untracked 
| 103|0x000000070fa00000, 0x000000070fa00000, 0x000000070fc00000|  0%| F|  |TAMS 0x000000070fa00000, 0x000000070fa00000| Untracked 
| 104|0x000000070fc00000, 0x000000070fc00000, 0x000000070fe00000|  0%| F|  |TAMS 0x000000070fc00000, 0x000000070fc00000| Untracked 
| 105|0x000000070fe00000, 0x000000070fe00000, 0x0000000710000000|  0%| F|  |TAMS 0x000000070fe00000, 0x000000070fe00000| Untracked 
| 106|0x0000000710000000, 0x0000000710000000, 0x0000000710200000|  0%| F|  |TAMS 0x0000000710000000, 0x0000000710000000| Untracked 
| 107|0x0000000710200000, 0x0000000710200000, 0x0000000710400000|  0%| F|  |TAMS 0x0000000710200000, 0x0000000710200000| Untracked 
| 108|0x0000000710400000, 0x0000000710400000, 0x0000000710600000|  0%| F|  |TAMS 0x0000000710400000, 0x0000000710400000| Untracked 
| 109|0x0000000710600000, 0x0000000710600000, 0x0000000710800000|  0%| F|  |TAMS 0x0000000710600000, 0x0000000710600000| Untracked 
| 110|0x0000000710800000, 0x0000000710800000, 0x0000000710a00000|  0%| F|  |TAMS 0x0000000710800000, 0x0000000710800000| Untracked 
| 111|0x0000000710a00000, 0x0000000710a00000, 0x0000000710c00000|  0%| F|  |TAMS 0x0000000710a00000, 0x0000000710a00000| Untracked 
| 112|0x0000000710c00000, 0x0000000710c00000, 0x0000000710e00000|  0%| F|  |TAMS 0x0000000710c00000, 0x0000000710c00000| Untracked 
| 113|0x0000000710e00000, 0x0000000710e00000, 0x0000000711000000|  0%| F|  |TAMS 0x0000000710e00000, 0x0000000710e00000| Untracked 
| 114|0x0000000711000000, 0x0000000711000000, 0x0000000711200000|  0%| F|  |TAMS 0x0000000711000000, 0x0000000711000000| Untracked 
| 115|0x0000000711200000, 0x0000000711200000, 0x0000000711400000|  0%| F|  |TAMS 0x0000000711200000, 0x0000000711200000| Untracked 
| 116|0x0000000711400000, 0x0000000711400000, 0x0000000711600000|  0%| F|  |TAMS 0x0000000711400000, 0x0000000711400000| Untracked 
| 117|0x0000000711600000, 0x0000000711600000, 0x0000000711800000|  0%| F|  |TAMS 0x0000000711600000, 0x0000000711600000| Untracked 
| 118|0x0000000711800000, 0x0000000711800000, 0x0000000711a00000|  0%| F|  |TAMS 0x0000000711800000, 0x0000000711800000| Untracked 
| 119|0x0000000711a00000, 0x0000000711a00000, 0x0000000711c00000|  0%| F|  |TAMS 0x0000000711a00000, 0x0000000711a00000| Untracked 
| 120|0x0000000711c00000, 0x0000000711c00000, 0x0000000711e00000|  0%| F|  |TAMS 0x0000000711c00000, 0x0000000711c00000| Untracked 
| 121|0x0000000711e00000, 0x0000000712000000, 0x0000000712000000|100%| E|  |TAMS 0x0000000711e00000, 0x0000000711e00000| Complete 
| 122|0x0000000712000000, 0x0000000712200000, 0x0000000712200000|100%| E|CS|TAMS 0x0000000712000000, 0x0000000712000000| Complete 
| 123|0x0000000712200000, 0x0000000712400000, 0x0000000712400000|100%| E|CS|TAMS 0x0000000712200000, 0x0000000712200000| Complete 
| 124|0x0000000712400000, 0x0000000712600000, 0x0000000712600000|100%| E|CS|TAMS 0x0000000712400000, 0x0000000712400000| Complete 
| 125|0x0000000712600000, 0x0000000712800000, 0x0000000712800000|100%| E|CS|TAMS 0x0000000712600000, 0x0000000712600000| Complete 
| 126|0x0000000712800000, 0x0000000712a00000, 0x0000000712a00000|100%| E|CS|TAMS 0x0000000712800000, 0x0000000712800000| Complete 

Card table byte_map: [0x00000177268d0000,0x00000177270c0000] _byte_map_base: 0x00000177230ba000

Marking Bits (Prev, Next): (CMBitMap*) 0x000001770f376a20, (CMBitMap*) 0x000001770f376a60
 Prev Bits: [0x00000177278b0000, 0x000001772b800000)
 Next Bits: [0x000001772b800000, 0x000001772f750000)

Polling page: 0x000001770d2a0000

Metaspace:

Usage:
  Non-class:     17.88 MB used.
      Class:      2.59 MB used.
       Both:     20.47 MB used.

Virtual space:
  Non-class space:       64.00 MB reserved,      18.00 MB ( 28%) committed,  1 nodes.
      Class space:        1.00 GB reserved,       2.75 MB ( <1%) committed,  1 nodes.
             Both:        1.06 GB reserved,      20.75 MB (  2%) committed. 

Chunk freelists:
   Non-Class:  13.83 MB
       Class:  13.10 MB
        Both:  26.92 MB

MaxMetaspaceSize: unlimited
CompressedClassSpaceSize: 1.00 GB
Initial GC threshold: 21.00 MB
Current GC threshold: 21.00 MB
CDS: on
MetaspaceReclaimPolicy: balanced
 - commit_granule_bytes: 65536.
 - commit_granule_words: 8192.
 - virtual_space_node_default_size: 8388608.
 - enlarge_chunks_in_place: 1.
 - new_chunks_are_fully_committed: 0.
 - uncommit_free_chunks: 1.
 - use_allocation_guard: 0.
 - handle_deallocations: 1.


Internal statistics:

num_allocs_failed_limit: 0.
num_arena_births: 214.
num_arena_deaths: 0.
num_vsnodes_births: 2.
num_vsnodes_deaths: 0.
num_space_committed: 332.
num_space_uncommitted: 0.
num_chunks_returned_to_freelist: 0.
num_chunks_taken_from_freelist: 912.
num_chunk_merges: 0.
num_chunk_splits: 640.
num_chunks_enlarged: 507.
num_inconsistent_stats: 0.

CodeHeap 'non-profiled nmethods': size=120000Kb used=1237Kb max_used=1237Kb free=118762Kb
 bounds [0x000001771e660000, 0x000001771e8d0000, 0x0000017725b90000]
CodeHeap 'profiled nmethods': size=120000Kb used=5326Kb max_used=5326Kb free=114674Kb
 bounds [0x0000017716b90000, 0x00000177170d0000, 0x000001771e0c0000]
CodeHeap 'non-nmethods': size=5760Kb used=1204Kb max_used=1257Kb free=4555Kb
 bounds [0x000001771e0c0000, 0x000001771e330000, 0x000001771e660000]
 total_blobs=3087 nmethods=2586 adapters=413
 compilation: enabled
              stopped_count=0, restarted_count=0
 full_count=0

Compilation events (20 events):
Event: 1.351 Thread 0x00000177323ee340 nmethod 2532 0x0000017717098d10 code [0x0000017717098ea0, 0x0000017717098fc8]
Event: 1.351 Thread 0x00000177323ee340 2533       3       org.springframework.core.annotation.MergedAnnotations::from (41 bytes)
Event: 1.352 Thread 0x00000177323e9bf0 nmethod 2487 0x000001771e78a010 code [0x000001771e78a1a0, 0x000001771e78a2e8]
Event: 1.352 Thread 0x00000177323ee340 nmethod 2533 0x0000017717099090 code [0x00000177170992e0, 0x0000017717099b18]
Event: 1.352 Thread 0x00000177323e9bf0 2520       4       org.springframework.asm.ClassReader::readUtf (44 bytes)
Event: 1.352 Thread 0x00000177323ee340 2534       3       org.springframework.core.annotation.TypeMappedAnnotations::from (27 bytes)
Event: 1.352 Thread 0x00000177323ee340 nmethod 2534 0x0000017717099e90 code [0x000001771709a040, 0x000001771709a2b8]
Event: 1.352 Thread 0x00000177323ee340 2535       3       org.springframework.core.annotation.AnnotationsScanner::isKnownEmpty (63 bytes)
Event: 1.352 Thread 0x00000177323ee340 nmethod 2535 0x000001771709a410 code [0x000001771709a620, 0x000001771709aca8]
Event: 1.352 Thread 0x00000177323ee340 2536       3       org.springframework.core.annotation.AnnotationsScanner::hasPlainJavaAnnotationsOnly (41 bytes)
Event: 1.352 Thread 0x00000177323ee340 nmethod 2536 0x000001771709ae10 code [0x000001771709b080, 0x000001771709bc68]
Event: 1.354 Thread 0x00000177323ee340 2537       3       java.util.ImmutableCollections$ListItr::hasNext (17 bytes)
Event: 1.354 Thread 0x00000177323ee340 nmethod 2537 0x000001771709bf10 code [0x000001771709c0a0, 0x000001771709c218]
Event: 1.360 Thread 0x00000177323ee340 2538       3       org.springframework.util.ConcurrentReferenceHashMap::put (8 bytes)
Event: 1.360 Thread 0x00000177323ee340 nmethod 2538 0x000001771709c290 code [0x000001771709c420, 0x000001771709c568]
Event: 1.362 Thread 0x00000177323e9bf0 nmethod 2520 0x000001771e78a410 code [0x000001771e78a5c0, 0x000001771e78b038]
Event: 1.362 Thread 0x00000177323e9bf0 2502       4       java.util.LinkedHashMap$LinkedHashIterator::hasNext (13 bytes)
Event: 1.362 Thread 0x00000177323e9bf0 nmethod 2502 0x000001771e78b690 code [0x000001771e78b800, 0x000001771e78b898]
Event: 1.362 Thread 0x00000177323e9bf0 2474       4       org.springframework.core.annotation.AnnotationTypeMappings::get (14 bytes)
Event: 1.362 Thread 0x00000177323ee340 2539       3       java.lang.Long::numberOfTrailingZeros (26 bytes)

GC Heap History (6 events):
Event: 0.462 GC heap before
{Heap before GC invocations=0 (full 0):
 garbage-first heap   total 260096K, used 22528K [0x0000000702c00000, 0x0000000800000000)
  region size 2048K, 11 young (22528K), 0 survivors (0K)
 Metaspace       used 4375K, committed 4544K, reserved 1114112K
  class space    used 492K, committed 576K, reserved 1048576K
}
Event: 0.466 GC heap after
{Heap after GC invocations=1 (full 0):
 garbage-first heap   total 260096K, used 7844K [0x0000000702c00000, 0x0000000800000000)
  region size 2048K, 2 young (4096K), 2 survivors (4096K)
 Metaspace       used 4375K, committed 4544K, reserved 1114112K
  class space    used 492K, committed 576K, reserved 1048576K
}
Event: 0.770 GC heap before
{Heap before GC invocations=1 (full 0):
 garbage-first heap   total 260096K, used 30372K [0x0000000702c00000, 0x0000000800000000)
  region size 2048K, 13 young (26624K), 2 survivors (4096K)
 Metaspace       used 9325K, committed 9536K, reserved 1114112K
  class space    used 1167K, committed 1280K, reserved 1048576K
}
Event: 0.772 GC heap after
{Heap after GC invocations=2 (full 0):
 garbage-first heap   total 260096K, used 9418K [0x0000000702c00000, 0x0000000800000000)
  region size 2048K, 1 young (2048K), 1 survivors (2048K)
 Metaspace       used 9325K, committed 9536K, reserved 1114112K
  class space    used 1167K, committed 1280K, reserved 1048576K
}
Event: 1.183 GC heap before
{Heap before GC invocations=2 (full 0):
 garbage-first heap   total 260096K, used 56522K [0x0000000702c00000, 0x0000000800000000)
  region size 2048K, 25 young (51200K), 1 survivors (2048K)
 Metaspace       used 19479K, committed 19776K, reserved 1114112K
  class space    used 2492K, committed 2624K, reserved 1048576K
}
Event: 1.186 GC heap after
{Heap after GC invocations=3 (full 0):
 garbage-first heap   total 260096K, used 13294K [0x0000000702c00000, 0x0000000800000000)
  region size 2048K, 3 young (6144K), 3 survivors (6144K)
 Metaspace       used 19479K, committed 19776K, reserved 1114112K
  class space    used 2492K, committed 2624K, reserved 1048576K
}

Deoptimization events (20 events):
Event: 1.197 Thread 0x0000017778da84b0 Uncommon trap: trap_request=0xffffffc6 fr.pc=0x000001771e75fb30 relative=0x0000000000001030
Event: 1.197 Thread 0x0000017778da84b0 Uncommon trap: reason=bimorphic_or_optimized_type_check action=maybe_recompile pc=0x000001771e75fb30 method=java.util.HashMap.putVal(ILjava/lang/Object;Ljava/lang/Object;ZZ)Ljava/lang/Object; @ 203 c2
Event: 1.197 Thread 0x0000017778da84b0 DEOPT PACKING pc=0x000001771e75fb30 sp=0x0000001e9aefd800
Event: 1.197 Thread 0x0000017778da84b0 DEOPT UNPACKING pc=0x000001771e1123a3 sp=0x0000001e9aefd790 mode 2
Event: 1.206 Thread 0x0000017779228bb0 Uncommon trap: trap_request=0xffffffc6 fr.pc=0x000001771e6c8364 relative=0x0000000000000504
Event: 1.206 Thread 0x0000017779228bb0 Uncommon trap: reason=bimorphic_or_optimized_type_check action=maybe_recompile pc=0x000001771e6c8364 method=java.util.HashMap.getNode(Ljava/lang/Object;)Ljava/util/HashMap$Node; @ 128 c2
Event: 1.206 Thread 0x0000017779228bb0 DEOPT PACKING pc=0x000001771e6c8364 sp=0x0000001e9affcc40
Event: 1.206 Thread 0x0000017779228bb0 DEOPT UNPACKING pc=0x000001771e1123a3 sp=0x0000001e9affcb58 mode 2
Event: 1.206 Thread 0x0000017779228bb0 Uncommon trap: trap_request=0xffffffc6 fr.pc=0x000001771e6c135c relative=0x00000000000004fc
Event: 1.206 Thread 0x0000017779228bb0 Uncommon trap: reason=bimorphic_or_optimized_type_check action=maybe_recompile pc=0x000001771e6c135c method=java.util.HashMap.getNode(Ljava/lang/Object;)Ljava/util/HashMap$Node; @ 128 c2
Event: 1.206 Thread 0x0000017779228bb0 DEOPT PACKING pc=0x000001771e6c135c sp=0x0000001e9affcbd0
Event: 1.206 Thread 0x0000017779228bb0 DEOPT UNPACKING pc=0x000001771e1123a3 sp=0x0000001e9affcb58 mode 2
Event: 1.215 Thread 0x0000017778da84b0 Uncommon trap: trap_request=0xffffffc6 fr.pc=0x000001771e765534 relative=0x0000000000002414
Event: 1.215 Thread 0x0000017778da84b0 Uncommon trap: reason=bimorphic_or_optimized_type_check action=maybe_recompile pc=0x000001771e765534 method=java.util.HashMap.putVal(ILjava/lang/Object;Ljava/lang/Object;ZZ)Ljava/lang/Object; @ 203 c2
Event: 1.215 Thread 0x0000017778da84b0 DEOPT PACKING pc=0x000001771e765534 sp=0x0000001e9aefd8a0
Event: 1.215 Thread 0x0000017778da84b0 DEOPT UNPACKING pc=0x000001771e1123a3 sp=0x0000001e9aefd768 mode 2
Event: 1.262 Thread 0x0000017778da84b0 Uncommon trap: trap_request=0xffffff45 fr.pc=0x000001771e74629c relative=0x0000000000002fdc
Event: 1.262 Thread 0x0000017778da84b0 Uncommon trap: reason=unstable_if action=reinterpret pc=0x000001771e74629c method=org.springframework.boot.context.properties.source.ConfigurationPropertyName$ElementsParser.add(IILorg/springframework/boot/context/properties/source/ConfigurationPropertyNa
Event: 1.262 Thread 0x0000017778da84b0 DEOPT PACKING pc=0x000001771e74629c sp=0x0000001e9aefd390
Event: 1.262 Thread 0x0000017778da84b0 DEOPT UNPACKING pc=0x000001771e1123a3 sp=0x0000001e9aefd2d8 mode 2

Classes unloaded (0 events):
No events

Classes redefined (0 events):
No events

Internal exceptions (20 events):
Event: 0.694 Thread 0x0000017778da84b0 Exception <a 'java/lang/NoSuchMethodError'{0x0000000711b803a0}: 'void java.lang.invoke.DirectMethodHandle$Holder.invokeStaticInit(java.lang.Object, java.lang.Object, java.lang.Object)'> (0x0000000711b803a0) 
thrown [s\open\src\hotspot\share\interpreter\linkResolver.cpp, line 759]
Event: 0.699 Thread 0x0000017778da84b0 Exception <a 'java/lang/NoSuchMethodError'{0x0000000711bc6e18}: 'java.lang.Object java.lang.invoke.DirectMethodHandle$Holder.invokeStatic(java.lang.Object, java.lang.Object, long, java.lang.Object)'> (0x0000000711bc6e18) 
thrown [s\open\src\hotspot\share\interpreter\linkResolver.cpp, line 759]
Event: 0.700 Thread 0x0000017778da84b0 Exception <a 'java/lang/NoSuchMethodError'{0x0000000711bca8b0}: 'java.lang.Object java.lang.invoke.DirectMethodHandle$Holder.invokeStaticInit(java.lang.Object, java.lang.Object, long, java.lang.Object)'> (0x0000000711bca8b0) 
thrown [s\open\src\hotspot\share\interpreter\linkResolver.cpp, line 759]
Event: 0.700 Thread 0x0000017778da84b0 Exception <a 'java/lang/NoSuchMethodError'{0x0000000711bd0ff8}: 'java.lang.Object java.lang.invoke.DirectMethodHandle$Holder.newInvokeSpecial(java.lang.Object, java.lang.Object, long)'> (0x0000000711bd0ff8) 
thrown [s\open\src\hotspot\share\interpreter\linkResolver.cpp, line 759]
Event: 0.700 Thread 0x0000017778da84b0 Exception <a 'java/lang/NoSuchMethodError'{0x0000000711bd4b68}: 'java.lang.Object java.lang.invoke.Invokers$Holder.linkToTargetMethod(java.lang.Object, long, java.lang.Object)'> (0x0000000711bd4b68) 
thrown [s\open\src\hotspot\share\interpreter\linkResolver.cpp, line 759]
Event: 0.708 Thread 0x0000017778da84b0 Exception <a 'java/lang/NoSuchMethodError'{0x00000007118297e0}: 'void java.lang.invoke.DirectMethodHandle$Holder.invokeSpecial(java.lang.Object, java.lang.Object, java.lang.Object, java.lang.Object, java.lang.Object)'> (0x00000007118297e0) 
thrown [s\open\src\hotspot\share\interpreter\linkResolver.cpp, line 759]
Event: 0.709 Thread 0x0000017778da84b0 Exception <a 'java/lang/NoSuchMethodError'{0x0000000711831d70}: 'void java.lang.invoke.DirectMethodHandle$Holder.invokeVirtual(java.lang.Object, java.lang.Object, java.lang.Object, java.lang.Object)'> (0x0000000711831d70) 
thrown [s\open\src\hotspot\share\interpreter\linkResolver.cpp, line 759]
Event: 0.734 Thread 0x0000017778da84b0 Exception <a 'java/lang/NoSuchMethodError'{0x00000007119b6110}: 'void java.lang.invoke.DirectMethodHandle$Holder.invokeSpecial(java.lang.Object, java.lang.Object, java.lang.Object)'> (0x00000007119b6110) 
thrown [s\open\src\hotspot\share\interpreter\linkResolver.cpp, line 759]
Event: 0.738 Thread 0x0000017778da84b0 Exception <a 'java/lang/IncompatibleClassChangeError'{0x00000007119e82f0}: Found class java.lang.Object, but interface was expected> (0x00000007119e82f0) 
thrown [s\open\src\hotspot\share\interpreter\linkResolver.cpp, line 826]
Event: 0.958 Thread 0x0000017778da84b0 Exception <a 'java/lang/NoSuchMethodError'{0x000000071168a6f0}: 'java.lang.Object java.lang.invoke.DirectMethodHandle$Holder.invokeVirtual(java.lang.Object, java.lang.Object, java.lang.Object)'> (0x000000071168a6f0) 
thrown [s\open\src\hotspot\share\interpreter\linkResolver.cpp, line 759]
Event: 0.960 Thread 0x0000017778da84b0 Exception <a 'sun/nio/fs/WindowsException'{0x00000007116a43e8}> (0x00000007116a43e8) 
thrown [s\open\src\hotspot\share\prims\jni.cpp, line 516]
Event: 0.961 Thread 0x0000017778da84b0 Exception <a 'java/lang/NoSuchMethodError'{0x00000007116a5de8}: 'int java.lang.invoke.DirectMethodHandle$Holder.invokeSpecial(java.lang.Object, java.lang.Object, java.lang.Object, java.lang.Object, java.lang.Object)'> (0x00000007116a5de8) 
thrown [s\open\src\hotspot\share\interpreter\linkResolver.cpp, line 759]
Event: 0.963 Thread 0x0000017778da84b0 Exception <a 'java/lang/NoSuchMethodError'{0x00000007116aec90}: 'void java.lang.invoke.DirectMethodHandle$Holder.invokeVirtual(java.lang.Object, java.lang.Object)'> (0x00000007116aec90) 
thrown [s\open\src\hotspot\share\interpreter\linkResolver.cpp, line 759]
Event: 1.126 Thread 0x0000017778da84b0 Exception <a 'java/lang/IncompatibleClassChangeError'{0x000000070ff55ae8}: Found class java.lang.Object, but interface was expected> (0x000000070ff55ae8) 
thrown [s\open\src\hotspot\share\interpreter\linkResolver.cpp, line 826]
Event: 1.143 Thread 0x0000017779228bb0 Exception <a 'java/lang/NoSuchMethodError'{0x000000070fdc0420}: 'long java.lang.invoke.DirectMethodHandle$Holder.invokeSpecial(java.lang.Object, java.lang.Object)'> (0x000000070fdc0420) 
thrown [s\open\src\hotspot\share\interpreter\linkResolver.cpp, line 759]
Event: 1.144 Thread 0x0000017779228bb0 Exception <a 'java/lang/NoSuchMethodError'{0x000000070faa14a0}: 'long java.lang.invoke.DirectMethodHandle$Holder.invokeStatic(java.lang.Object, java.lang.Object)'> (0x000000070faa14a0) 
thrown [s\open\src\hotspot\share\interpreter\linkResolver.cpp, line 759]
Event: 1.145 Thread 0x0000017779228bb0 Exception <a 'java/lang/NoSuchMethodError'{0x000000070faa4aa0}: 'long java.lang.invoke.DirectMethodHandle$Holder.invokeStaticInit(java.lang.Object, java.lang.Object)'> (0x000000070faa4aa0) 
thrown [s\open\src\hotspot\share\interpreter\linkResolver.cpp, line 759]
Event: 1.146 Thread 0x0000017779228bb0 Exception <a 'java/lang/NoSuchMethodError'{0x000000070fab2648}: 'long java.lang.invoke.DirectMethodHandle$Holder.invokeInterface(java.lang.Object, java.lang.Object)'> (0x000000070fab2648) 
thrown [s\open\src\hotspot\share\interpreter\linkResolver.cpp, line 759]
Event: 1.146 Thread 0x0000017779228bb0 Exception <a 'java/lang/IncompatibleClassChangeError'{0x000000070fab5bd8}: Found class java.lang.Object, but interface was expected> (0x000000070fab5bd8) 
thrown [s\open\src\hotspot\share\interpreter\linkResolver.cpp, line 826]
Event: 1.157 Thread 0x0000017779228bb0 Exception <a 'java/lang/NoSuchMethodError'{0x000000070fb29190}: 'java.lang.Object java.lang.invoke.DirectMethodHandle$Holder.invokeVirtual(java.lang.Object, java.lang.Object, java.lang.Object, java.lang.Object)'> (0x000000070fb29190) 
thrown [s\open\src\hotspot\share\interpreter\linkResolver.cpp, line 759]

VM Operations (20 events):
Event: 0.732 Executing VM operation: HandshakeAllThreads
Event: 0.732 Executing VM operation: HandshakeAllThreads done
Event: 0.770 Executing VM operation: G1CollectForAllocation
Event: 0.772 Executing VM operation: G1CollectForAllocation done
Event: 0.895 Executing VM operation: HandshakeAllThreads
Event: 0.896 Executing VM operation: HandshakeAllThreads done
Event: 0.944 Executing VM operation: HandshakeAllThreads
Event: 0.945 Executing VM operation: HandshakeAllThreads done
Event: 0.964 Executing VM operation: HandshakeAllThreads
Event: 0.964 Executing VM operation: HandshakeAllThreads done
Event: 1.035 Executing VM operation: HandshakeAllThreads
Event: 1.035 Executing VM operation: HandshakeAllThreads done
Event: 1.037 Executing VM operation: ICBufferFull
Event: 1.037 Executing VM operation: ICBufferFull done
Event: 1.183 Executing VM operation: G1CollectForAllocation
Event: 1.186 Executing VM operation: G1CollectForAllocation done
Event: 1.193 Executing VM operation: HandshakeAllThreads
Event: 1.193 Executing VM operation: HandshakeAllThreads done
Event: 1.205 Executing VM operation: HandshakeAllThreads
Event: 1.205 Executing VM operation: HandshakeAllThreads done

Events (20 events):
Event: 1.221 loading class java/security/AuthProvider
Event: 1.221 loading class java/security/AuthProvider done
Event: 1.222 loading class javax/security/auth/login/FailedLoginException
Event: 1.222 loading class javax/security/auth/login/FailedLoginException done
Event: 1.223 loading class javax/security/auth/Subject
Event: 1.223 loading class javax/security/auth/Subject done
Event: 1.223 loading class javax/security/auth/callback/CallbackHandler
Event: 1.223 loading class javax/security/auth/callback/CallbackHandler done
Event: 1.227 Loaded shared library C:\Program Files\Java\jdk-17.0.9\bin\sunmscapi.dll
Event: 1.229 loading class sun/security/provider/certpath/ldap/JdkLDAP
Event: 1.229 loading class sun/security/provider/certpath/ldap/JdkLDAP done
Event: 1.230 loading class sun/security/provider/certpath/ldap/JdkLDAP$ProviderService
Event: 1.230 loading class sun/security/provider/certpath/ldap/JdkLDAP$ProviderService done
Event: 1.230 loading class com/sun/security/sasl/Provider
Event: 1.230 loading class com/sun/security/sasl/Provider done
Event: 1.230 loading class com/sun/security/sasl/Provider$1
Event: 1.230 loading class com/sun/security/sasl/Provider$1 done
Event: 1.230 loading class com/sun/security/sasl/Provider$ProviderService
Event: 1.230 loading class com/sun/security/sasl/Provider$ProviderService done
Event: 1.233 Thread 0x0000017779228bb0 Thread exited: 0x0000017779228bb0


Dynamic libraries:
0x00007ff7f2850000 - 0x00007ff7f2860000 	C:\Program Files\Java\jdk-17.0.9\bin\java.exe
0x00007fff52950000 - 0x00007fff52b67000 	C:\WINDOWS\SYSTEM32\ntdll.dll
0x00007fff51690000 - 0x00007fff51754000 	C:\WINDOWS\System32\KERNEL32.DLL
0x00007fff4fe80000 - 0x00007fff50226000 	C:\WINDOWS\System32\KERNELBASE.dll
0x00007fff50410000 - 0x00007fff50521000 	C:\WINDOWS\System32\ucrtbase.dll
0x00007fff24ca0000 - 0x00007fff24cb9000 	C:\Program Files\Java\jdk-17.0.9\bin\jli.dll
0x00007fff24790000 - 0x00007fff247ab000 	C:\Program Files\Java\jdk-17.0.9\bin\VCRUNTIME140.dll
0x00007fff506a0000 - 0x00007fff50751000 	C:\WINDOWS\System32\ADVAPI32.dll
0x00007fff515e0000 - 0x00007fff51687000 	C:\WINDOWS\System32\msvcrt.dll
0x00007fff51920000 - 0x00007fff519c5000 	C:\WINDOWS\System32\sechost.dll
0x00007fff52370000 - 0x00007fff52487000 	C:\WINDOWS\System32\RPCRT4.dll
0x00007fff51430000 - 0x00007fff515de000 	C:\WINDOWS\System32\USER32.dll
0x00007fff502f0000 - 0x00007fff50316000 	C:\WINDOWS\System32\win32u.dll
0x00007fff344f0000 - 0x00007fff34783000 	C:\WINDOWS\WinSxS\amd64_microsoft.windows.common-controls_6595b64144ccf1df_6.0.22621.2506_none_270c5ae97388e100\COMCTL32.dll
0x00007fff52240000 - 0x00007fff52269000 	C:\WINDOWS\System32\GDI32.dll
0x00007fff4fd60000 - 0x00007fff4fe78000 	C:\WINDOWS\System32\gdi32full.dll
0x00007fff4fcc0000 - 0x00007fff4fd5a000 	C:\WINDOWS\System32\msvcp_win.dll
0x00007fff499f0000 - 0x00007fff499fa000 	C:\WINDOWS\SYSTEM32\VERSION.dll
0x00007fff51350000 - 0x00007fff51381000 	C:\WINDOWS\System32\IMM32.DLL
0x00007fff3b9e0000 - 0x00007fff3b9ec000 	C:\Program Files\Java\jdk-17.0.9\bin\vcruntime140_1.dll
0x00007ffefdbe0000 - 0x00007ffefdc6e000 	C:\Program Files\Java\jdk-17.0.9\bin\msvcp140.dll
0x00007ffebcf70000 - 0x00007ffebdb51000 	C:\Program Files\Java\jdk-17.0.9\bin\server\jvm.dll
0x00007fff527b0000 - 0x00007fff527b8000 	C:\WINDOWS\System32\PSAPI.DLL
0x00007fff34930000 - 0x00007fff34939000 	C:\WINDOWS\SYSTEM32\WSOCK32.dll
0x00007fff3d460000 - 0x00007fff3d494000 	C:\WINDOWS\SYSTEM32\WINMM.dll
0x00007fff513b0000 - 0x00007fff51421000 	C:\WINDOWS\System32\WS2_32.dll
0x00007fff4ed10000 - 0x00007fff4ed28000 	C:\WINDOWS\SYSTEM32\kernel.appcore.dll
0x00007fff3b950000 - 0x00007fff3b95a000 	C:\Program Files\Java\jdk-17.0.9\bin\jimage.dll
0x00007fff3c9b0000 - 0x00007fff3cbe3000 	C:\WINDOWS\SYSTEM32\DBGHELP.DLL
0x00007fff50760000 - 0x00007fff50ae9000 	C:\WINDOWS\System32\combase.dll
0x00007fff50af0000 - 0x00007fff50bc7000 	C:\WINDOWS\System32\OLEAUT32.dll
0x00007fff36540000 - 0x00007fff36572000 	C:\WINDOWS\SYSTEM32\dbgcore.DLL
0x00007fff50320000 - 0x00007fff5039a000 	C:\WINDOWS\System32\bcryptPrimitives.dll
0x00007ffefdbb0000 - 0x00007ffefdbd5000 	C:\Program Files\Java\jdk-17.0.9\bin\java.dll
0x00007ffede080000 - 0x00007ffede157000 	C:\Program Files\Java\jdk-17.0.9\bin\jsvml.dll
0x00007fff519e0000 - 0x00007fff5223a000 	C:\WINDOWS\System32\SHELL32.dll
0x00007fff4dba0000 - 0x00007fff4e496000 	C:\WINDOWS\SYSTEM32\windows.storage.dll
0x00007fff4da60000 - 0x00007fff4db9e000 	C:\WINDOWS\SYSTEM32\wintypes.dll
0x00007fff52510000 - 0x00007fff52603000 	C:\WINDOWS\System32\SHCORE.dll
0x00007fff512f0000 - 0x00007fff5134e000 	C:\WINDOWS\System32\shlwapi.dll
0x00007fff4fbf0000 - 0x00007fff4fc16000 	C:\WINDOWS\SYSTEM32\profapi.dll
0x00007fff0b7f0000 - 0x00007fff0b809000 	C:\Program Files\Java\jdk-17.0.9\bin\net.dll
0x00007fff49e10000 - 0x00007fff49f47000 	C:\WINDOWS\SYSTEM32\WINHTTP.dll
0x00007fff4f1e0000 - 0x00007fff4f249000 	C:\WINDOWS\system32\mswsock.dll
0x00007fff0b6b0000 - 0x00007fff0b6c6000 	C:\Program Files\Java\jdk-17.0.9\bin\nio.dll
0x00007fff13190000 - 0x00007fff131a8000 	C:\Program Files\Java\jdk-17.0.9\bin\zip.dll
0x00007fff36e20000 - 0x00007fff36e2a000 	C:\Program Files\Java\jdk-17.0.9\bin\management.dll
0x00007fff34d10000 - 0x00007fff34d1b000 	C:\Program Files\Java\jdk-17.0.9\bin\management_ext.dll
0x00007fff2fdb0000 - 0x00007fff2fdbe000 	C:\Program Files\Java\jdk-17.0.9\bin\sunmscapi.dll
0x00007fff50530000 - 0x00007fff50696000 	C:\WINDOWS\System32\CRYPT32.dll
0x00007fff4f620000 - 0x00007fff4f64d000 	C:\WINDOWS\SYSTEM32\ncrypt.dll
0x00007fff4f5e0000 - 0x00007fff4f617000 	C:\WINDOWS\SYSTEM32\NTASN1.dll

dbghelp: loaded successfully - version: 4.0.5 - missing functions: none
symbol engine: initialized successfully - sym options: 0x614 - pdb path: .;C:\Program Files\Java\jdk-17.0.9\bin;C:\WINDOWS\SYSTEM32;C:\WINDOWS\WinSxS\amd64_microsoft.windows.common-controls_6595b64144ccf1df_6.0.22621.2506_none_270c5ae97388e100;C:\Program Files\Java\jdk-17.0.9\bin\server

VM Arguments:
jvm_args: -XX:+ShowCodeDetailsInExceptionMessages 
java_command: Java.enit.Catalog.CatalogeApplication
java_class_path (initial): C:\Users\MSI\Desktop\haddedd\projet-soa-ecommerce-enit-2023-3AINFO2\catalog\target\classes;C:\Users\MSI\.m2\repository\org\springdoc\springdoc-openapi-starter-webmvc-ui\2.0.2\springdoc-openapi-starter-webmvc-ui-2.0.2.jar;C:\Users\MSI\.m2\repository\org\springdoc\springdoc-openapi-starter-webmvc-api\2.0.2\springdoc-openapi-starter-webmvc-api-2.0.2.jar;C:\Users\MSI\.m2\repository\org\springdoc\springdoc-openapi-starter-common\2.0.2\springdoc-openapi-starter-common-2.0.2.jar;C:\Users\MSI\.m2\repository\io\swagger\core\v3\swagger-core-jakarta\2.2.7\swagger-core-jakarta-2.2.7.jar;C:\Users\MSI\.m2\repository\org\apache\commons\commons-lang3\3.13.0\commons-lang3-3.13.0.jar;C:\Users\MSI\.m2\repository\io\swagger\core\v3\swagger-annotations-jakarta\2.2.7\swagger-annotations-jakarta-2.2.7.jar;C:\Users\MSI\.m2\repository\io\swagger\core\v3\swagger-models-jakarta\2.2.7\swagger-models-jakarta-2.2.7.jar;C:\Users\MSI\.m2\repository\com\fasterxml\jackson\dataformat\jackson-dataformat-yaml\2.15.3\jackson-dataformat-yaml-2.15.3.jar;C:\Users\MSI\.m2\repository\org\springframework\spring-webmvc\6.1.1\spring-webmvc-6.1.1.jar;C:\Users\MSI\.m2\repository\org\webjars\swagger-ui\4.15.5\swagger-ui-4.15.5.jar;C:\Users\MSI\.m2\repository\org\webjars\webjars-locator-core\0.55\webjars-locator-core-0.55.jar;C:\Users\MSI\.m2\repository\io\github\classgraph\classgraph\4.8.149\classgraph-4.8.149.jar;C:\Users\MSI\.m2\repository\org\springframework\boot\spring-boot-starter-data-jpa\3.2.0\spring-boot-starter-data-jpa-3.2.0.jar;C:\Users\MSI\.m2\repository\org\springframework\boot\spring-boot-starter-aop\3.2.0\spring-boot-starter-aop-3.2.0.jar;C:\Users\MSI\.m2\repository\org\springframework\spring-aop\6.1.1\spring-aop-6.1.1.jar;C:\Users\MSI\.m2\repository\org\aspectj\aspectjweaver\1.9.20.1\aspectjweaver-1.9.20.1.jar;C:\Users\MSI\.m2\repository\org\springframework\boot\spring-boot-starter-jdbc\3.2.0\spring-boot-starter-jdbc-3.2.0.jar;C:\Users\MSI\.m2\repository\com\zaxxer\Hika
Launcher Type: SUN_STANDARD

[Global flags]
     intx CICompilerCount                          = 4                                         {product} {ergonomic}
     uint ConcGCThreads                            = 3                                         {product} {ergonomic}
     uint G1ConcRefinementThreads                  = 10                                        {product} {ergonomic}
   size_t G1HeapRegionSize                         = 2097152                                   {product} {ergonomic}
    uintx GCDrainStackTargetSize                   = 64                                        {product} {ergonomic}
   size_t InitialHeapSize                          = 266338304                                 {product} {ergonomic}
   size_t MarkStackSize                            = 4194304                                   {product} {ergonomic}
   size_t MaxHeapSize                              = 4248829952                                {product} {ergonomic}
   size_t MaxNewSize                               = 2548039680                                {product} {ergonomic}
   size_t MinHeapDeltaBytes                        = 2097152                                   {product} {ergonomic}
   size_t MinHeapSize                              = 8388608                                   {product} {ergonomic}
    uintx NonNMethodCodeHeapSize                   = 5839372                                {pd product} {ergonomic}
    uintx NonProfiledCodeHeapSize                  = 122909434                              {pd product} {ergonomic}
    uintx ProfiledCodeHeapSize                     = 122909434                              {pd product} {ergonomic}
    uintx ReservedCodeCacheSize                    = 251658240                              {pd product} {ergonomic}
     bool SegmentedCodeCache                       = true                                      {product} {ergonomic}
     bool ShowCodeDetailsInExceptionMessages       = true                                   {manageable} {command line}
   size_t SoftMaxHeapSize                          = 4248829952                             {manageable} {ergonomic}
     bool UseCompressedClassPointers               = true                           {product lp64_product} {ergonomic}
     bool UseCompressedOops                        = true                           {product lp64_product} {ergonomic}
     bool UseG1GC                                  = true                                      {product} {ergonomic}
     bool UseLargePagesIndividualAllocation        = false                                  {pd product} {ergonomic}

Logging:
Log output configuration:
 #0: stdout all=warning uptime,level,tags
 #1: stderr all=off uptime,level,tags

Environment Variables:
JAVA_HOME=C:\Program Files\Java\jdk-17.0.9
PATH=C:\Program Files\PowerShell\7;C:\oraclexe\app\oracle\product\10.2.0\server\bin;C:\Atelier_JEE\server\wildfly-27.0.1.Final\bin;C:\Windows\system32;C:\Windows;C:\Windows\System32\Wbem;C:\Windows\System32\WindowsPowerShell\v1.0\;C:\Windows\System32\OpenSSH\;C:\Program Files\dotnet\;C:\Program Files\Git\cmd;C:\composer;C:\Program Files\Docker\Docker\resources\bin;C:\ProgramData\DockerDesktop\version-bin;C:\src\flutter;C:\WINDOWS\system32;C:\WINDOWS;C:\WINDOWS\System32\Wbem;C:\WINDOWS\System32\WindowsPowerShell\v1.0\;C:\WINDOWS\System32\OpenSSH\;C:\src\flutter\bin;C:\Program Files\Microsoft SQL Server\150\Tools\Binn\;C:\Program Files\Microsoft SQL Server\Client SDK\ODBC\170\Tools\Binn\;C:\Program Files (x86)\Microsoft SQL Server\160\Tools\Binn\;C:\Program Files\Microsoft SQL Server\160\Tools\Binn\;C:\Program Files\Microsoft SQL Server\160\DTS\Binn\;C:\Program Files (x86)\Microsoft SQL Server\160\DTS\Binn\;C:\Program Files\Azure Data Studio\bin;C:\gradle\gradle-8.1.1\bin;C:\laragon\bin\php\php-8.1.10-Win32-vs16-x64\;C:\Program Files\nodejs\;C:\Users\MSI\Desktop\openssl-1.1.1w;C:\Users\MSI\Desktop\rania\3AINFO2\virtualisation\httpd-2.4.57-win64-VS17\Apache24\bin;C:\Users\MSI\Desktop\rania\3AINFO2\pfe\springboot\apache-maven-3.9.5\bin;C:\Program Files\PostgreSQL\16\bin;C:\Program Files\PowerShell\7\;C:\Users\MSI\Desktop\mongodb-win32-x86_64-windows-7.0.4\bin;C:\Program Files\Java\jdk-17.0.9\bin;C:\Program Files\MySQL\MySQL Shell 8.0\bin\;C:\Users\MSI\scoop\shims;C:\Users\MSI\AppData\Local\Microsoft\WindowsApps;C:\Users\MSI\.dotnet\tools;C:\Program Files\CodeBlocks\MinGW\bin;C:\Users\MSI\AppData\Roaming\Composer\vendor\bin;C:\Users\MSI\AppData\Local\Microsoft VS Code\bin;C:\Users\MSI\AppData\Local\GitHubDesktop\bin;C:\Users\MSI\.dotnet\tools;C:\Program Files\Azure Data Studio\bin;C:\flutter_sdk\flutter\bin;%IntelliJ IDEA Community Edition%;C:\Users\MSI\AppData\Roaming\npm;%IntelliJ IDEA%;C:\Users\MSI\Desktop\rania\3AINFO2\virtualisation\httpd-2.4.57-win64-VS17\Apache24\bin
USERNAME=MSI
LANG=en_US.UTF-8
OS=Windows_NT
PROCESSOR_IDENTIFIER=Intel64 Family 6 Model 165 Stepping 2, GenuineIntel



---------------  S Y S T E M  ---------------

OS:
 Windows 11 , 64 bit Build 22621 (10.0.22621.2506)
OS uptime: 2 days 13:17 hours
Hyper-V role detected

CPU: total 12 (initial active 12) (6 cores per cpu, 2 threads per core) family 6 model 165 stepping 2 microcode 0xe2, cx8, cmov, fxsr, ht, mmx, 3dnowpref, sse, sse2, sse3, ssse3, sse4.1, sse4.2, popcnt, lzcnt, tsc, tscinvbit, avx, avx2, aes, erms, clmul, bmi1, bmi2, adx, fma, vzeroupper, clflush, clflushopt, hv

Memory: 4k page, system-wide physical 16202M (4867M free)
TotalPageFile size 16202M (AvailPageFile size 5M)
current process WorkingSet (physical memory assigned to process): 165M, peak: 165M
current process commit charge ("private bytes"): 410M, peak: 410M

vm_info: Java HotSpot(TM) 64-Bit Server VM (17.0.9+11-LTS-201) for windows-amd64 JRE (17.0.9+11-LTS-201), built on Oct 10 2023 23:16:06 by "mach5one" with MS VC++ 17.1 (VS2022)

END.
