#
# There is insufficient memory for the Java Runtime Environment to continue.
# Native memory allocation (mmap) failed to map 266338304 bytes for G1 virtual space
# Possible reasons:
#   The system is out of physical RAM or swap space
#   The process is running with CompressedOops enabled, and the Java Heap may be blocking the growth of the native heap
# Possible solutions:
#   Reduce memory load on the system
#   Increase physical memory or swap space
#   Check if swap backing store is full
#   Decrease Java heap size (-Xmx/-Xms)
#   Decrease number of Java threads
#   Decrease Java thread stack sizes (-Xss)
#   Set larger code cache with -XX:ReservedCodeCacheSize=
#   JVM is running with Zero Based Compressed Oops mode in which the Java heap is
#     placed in the first 32GB address space. The Java Heap base address is the
#     maximum limit for the native heap growth. Please use -XX:HeapBaseMinAddress
#     to set the Java Heap base and to place the Java Heap above 32GB virtual address.
# This output file may be truncated or incomplete.
#
#  Out of Memory Error (os_windows.cpp:3552), pid=20020, tid=6740
#
# JRE version:  (17.0.9+11) (build )
# Java VM: Java HotSpot(TM) 64-Bit Server VM (17.0.9+11-LTS-201, mixed mode, sharing, tiered, compressed oops, compressed class ptrs, g1 gc, windows-amd64)
# No core dump will be written. Minidumps are not enabled by default on client versions of Windows
#

---------------  S U M M A R Y ------------

Command Line: -XX:+ShowCodeDetailsInExceptionMessages Java.enit.Catalog.CatalogeApplication

Host: Intel(R) Core(TM) i7-10750H CPU @ 2.60GHz, 12 cores, 15G,  Windows 11 , 64 bit Build 22621 (10.0.22621.2506)
Time: Sat Dec 23 01:34:44 2023 Romance Standard Time elapsed time: 0.014024 seconds (0d 0h 0m 0s)

---------------  T H R E A D  ---------------

Current thread (0x000001c4afaf3a30):  JavaThread "Unknown thread" [_thread_in_vm, id=6740, stack(0x000000a693e00000,0x000000a693f00000)]

Stack: [0x000000a693e00000,0x000000a693f00000]
Native frames: (J=compiled Java code, j=interpreted, Vv=VM code, C=native code)
V  [jvm.dll+0x678a4a]
V  [jvm.dll+0x7d9cfd]
V  [jvm.dll+0x7db60e]
V  [jvm.dll+0x7dbc73]
V  [jvm.dll+0x245e1f]
V  [jvm.dll+0x6758f9]
V  [jvm.dll+0x66a2a2]
V  [jvm.dll+0x303686]
V  [jvm.dll+0x30ac06]
V  [jvm.dll+0x35a48e]
V  [jvm.dll+0x35a6bf]
V  [jvm.dll+0x2da678]
V  [jvm.dll+0x2db5e4]
V  [jvm.dll+0x7ab6b1]
V  [jvm.dll+0x368041]
V  [jvm.dll+0x78a749]
V  [jvm.dll+0x3ebd4f]
V  [jvm.dll+0x3ed7d1]
C  [jli.dll+0x5297]
C  [ucrtbase.dll+0x29363]
C  [KERNEL32.DLL+0x1257d]
C  [ntdll.dll+0x5aa58]


---------------  P R O C E S S  ---------------

Threads class SMR info:
_java_thread_list=0x00007ffebda289d8, length=0, elements={
}

Java Threads: ( => current thread )

Other Threads:
  0x000001c4afb66430 GCTaskThread "GC Thread#0" [stack: 0x000000a693f00000,0x000000a694000000] [id=14520]
  0x000001c4afb770c0 ConcurrentGCThread "G1 Main Marker" [stack: 0x000000a694000000,0x000000a694100000] [id=20488]
  0x000001c4afb77ad0 ConcurrentGCThread "G1 Conc#0" [stack: 0x000000a694100000,0x000000a694200000] [id=17908]

[error occurred during error reporting (printing all threads), id 0xc0000005, EXCEPTION_ACCESS_VIOLATION (0xc0000005) at pc=0x00007ffebd25b2d7]

VM state: not at safepoint (not fully initialized)

VM Mutex/Monitor currently owned by a thread:  ([mutex/lock_event])
[0x000001c4afaeebd0] Heap_lock - owner thread: 0x000001c4afaf3a30

Heap address: 0x0000000702c00000, size: 4052 MB, Compressed Oops mode: Zero based, Oop shift amount: 3

CDS archive(s) mapped at: [0x0000000000000000-0x0000000000000000-0x0000000000000000), size 0, SharedBaseAddress: 0x0000000800000000, ArchiveRelocationMode: 1.
Narrow klass base: 0x0000000000000000, Narrow klass shift: 0, Narrow klass range: 0x0

GC Precious Log:
<Empty>

Heap:
 garbage-first heap   total 0K, used 0K [0x0000000702c00000, 0x0000000800000000)
  region size 2048K, 0 young (0K), 0 survivors (0K)

[error occurred during error reporting (printing heap information), id 0xc0000005, EXCEPTION_ACCESS_VIOLATION (0xc0000005) at pc=0x00007ffebd642229]

GC Heap History (0 events):
No events

Deoptimization events (0 events):
No events

Classes unloaded (0 events):
No events

Classes redefined (0 events):
No events

Internal exceptions (0 events):
No events

VM Operations (0 events):
No events

Events (1 events):
Event: 0.008 Loaded shared library C:\Program Files\Java\jdk-17.0.9\bin\java.dll


Dynamic libraries:
0x00007ff7f2850000 - 0x00007ff7f2860000 	C:\Program Files\Java\jdk-17.0.9\bin\java.exe
0x00007fff52950000 - 0x00007fff52b67000 	C:\WINDOWS\SYSTEM32\ntdll.dll
0x00007fff51690000 - 0x00007fff51754000 	C:\WINDOWS\System32\KERNEL32.DLL
0x00007fff4fe80000 - 0x00007fff50226000 	C:\WINDOWS\System32\KERNELBASE.dll
0x00007fff50410000 - 0x00007fff50521000 	C:\WINDOWS\System32\ucrtbase.dll
0x00007fff24ca0000 - 0x00007fff24cb9000 	C:\Program Files\Java\jdk-17.0.9\bin\jli.dll
0x00007fff24790000 - 0x00007fff247ab000 	C:\Program Files\Java\jdk-17.0.9\bin\VCRUNTIME140.dll
0x00007fff506a0000 - 0x00007fff50751000 	C:\WINDOWS\System32\ADVAPI32.dll
0x00007fff515e0000 - 0x00007fff51687000 	C:\WINDOWS\System32\msvcrt.dll
0x00007fff51920000 - 0x00007fff519c5000 	C:\WINDOWS\System32\sechost.dll
0x00007fff52370000 - 0x00007fff52487000 	C:\WINDOWS\System32\RPCRT4.dll
0x00007fff51430000 - 0x00007fff515de000 	C:\WINDOWS\System32\USER32.dll
0x00007fff502f0000 - 0x00007fff50316000 	C:\WINDOWS\System32\win32u.dll
0x00007fff344f0000 - 0x00007fff34783000 	C:\WINDOWS\WinSxS\amd64_microsoft.windows.common-controls_6595b64144ccf1df_6.0.22621.2506_none_270c5ae97388e100\COMCTL32.dll
0x00007fff52240000 - 0x00007fff52269000 	C:\WINDOWS\System32\GDI32.dll
0x00007fff4fd60000 - 0x00007fff4fe78000 	C:\WINDOWS\System32\gdi32full.dll
0x00007fff4fcc0000 - 0x00007fff4fd5a000 	C:\WINDOWS\System32\msvcp_win.dll
0x00007fff499f0000 - 0x00007fff499fa000 	C:\WINDOWS\SYSTEM32\VERSION.dll
0x00007fff51350000 - 0x00007fff51381000 	C:\WINDOWS\System32\IMM32.DLL
0x00007fff3b9e0000 - 0x00007fff3b9ec000 	C:\Program Files\Java\jdk-17.0.9\bin\vcruntime140_1.dll
0x00007ffefdbe0000 - 0x00007ffefdc6e000 	C:\Program Files\Java\jdk-17.0.9\bin\msvcp140.dll
0x00007ffebcf70000 - 0x00007ffebdb51000 	C:\Program Files\Java\jdk-17.0.9\bin\server\jvm.dll
0x00007fff527b0000 - 0x00007fff527b8000 	C:\WINDOWS\System32\PSAPI.DLL
0x00007fff3d460000 - 0x00007fff3d494000 	C:\WINDOWS\SYSTEM32\WINMM.dll
0x00007fff34930000 - 0x00007fff34939000 	C:\WINDOWS\SYSTEM32\WSOCK32.dll
0x00007fff513b0000 - 0x00007fff51421000 	C:\WINDOWS\System32\WS2_32.dll
0x00007fff4ed10000 - 0x00007fff4ed28000 	C:\WINDOWS\SYSTEM32\kernel.appcore.dll
0x00007fff3b950000 - 0x00007fff3b95a000 	C:\Program Files\Java\jdk-17.0.9\bin\jimage.dll
0x00007fff3c9b0000 - 0x00007fff3cbe3000 	C:\WINDOWS\SYSTEM32\DBGHELP.DLL
0x00007fff50760000 - 0x00007fff50ae9000 	C:\WINDOWS\System32\combase.dll
0x00007fff50af0000 - 0x00007fff50bc7000 	C:\WINDOWS\System32\OLEAUT32.dll
0x00007fff36540000 - 0x00007fff36572000 	C:\WINDOWS\SYSTEM32\dbgcore.DLL
0x00007fff50320000 - 0x00007fff5039a000 	C:\WINDOWS\System32\bcryptPrimitives.dll
0x00007ffefdbb0000 - 0x00007ffefdbd5000 	C:\Program Files\Java\jdk-17.0.9\bin\java.dll

dbghelp: loaded successfully - version: 4.0.5 - missing functions: none
symbol engine: initialized successfully - sym options: 0x614 - pdb path: .;C:\Program Files\Java\jdk-17.0.9\bin;C:\WINDOWS\SYSTEM32;C:\WINDOWS\WinSxS\amd64_microsoft.windows.common-controls_6595b64144ccf1df_6.0.22621.2506_none_270c5ae97388e100;C:\Program Files\Java\jdk-17.0.9\bin\server

VM Arguments:
jvm_args: -XX:+ShowCodeDetailsInExceptionMessages 
java_command: Java.enit.Catalog.CatalogeApplication
java_class_path (initial): C:\Users\MSI\Desktop\haddedd\projet-soa-ecommerce-enit-2023-3AINFO2\catalog\target\classes;C:\Users\MSI\.m2\repository\org\springdoc\springdoc-openapi-starter-webmvc-ui\2.0.2\springdoc-openapi-starter-webmvc-ui-2.0.2.jar;C:\Users\MSI\.m2\repository\org\springdoc\springdoc-openapi-starter-webmvc-api\2.0.2\springdoc-openapi-starter-webmvc-api-2.0.2.jar;C:\Users\MSI\.m2\repository\org\springdoc\springdoc-openapi-starter-common\2.0.2\springdoc-openapi-starter-common-2.0.2.jar;C:\Users\MSI\.m2\repository\io\swagger\core\v3\swagger-core-jakarta\2.2.7\swagger-core-jakarta-2.2.7.jar;C:\Users\MSI\.m2\repository\org\apache\commons\commons-lang3\3.13.0\commons-lang3-3.13.0.jar;C:\Users\MSI\.m2\repository\io\swagger\core\v3\swagger-annotations-jakarta\2.2.7\swagger-annotations-jakarta-2.2.7.jar;C:\Users\MSI\.m2\repository\io\swagger\core\v3\swagger-models-jakarta\2.2.7\swagger-models-jakarta-2.2.7.jar;C:\Users\MSI\.m2\repository\com\fasterxml\jackson\dataformat\jackson-dataformat-yaml\2.15.3\jackson-dataformat-yaml-2.15.3.jar;C:\Users\MSI\.m2\repository\org\springframework\spring-webmvc\6.1.1\spring-webmvc-6.1.1.jar;C:\Users\MSI\.m2\repository\org\webjars\swagger-ui\4.15.5\swagger-ui-4.15.5.jar;C:\Users\MSI\.m2\repository\org\webjars\webjars-locator-core\0.55\webjars-locator-core-0.55.jar;C:\Users\MSI\.m2\repository\io\github\classgraph\classgraph\4.8.149\classgraph-4.8.149.jar;C:\Users\MSI\.m2\repository\org\springframework\boot\spring-boot-starter-data-jpa\3.2.0\spring-boot-starter-data-jpa-3.2.0.jar;C:\Users\MSI\.m2\repository\org\springframework\boot\spring-boot-starter-aop\3.2.0\spring-boot-starter-aop-3.2.0.jar;C:\Users\MSI\.m2\repository\org\springframework\spring-aop\6.1.1\spring-aop-6.1.1.jar;C:\Users\MSI\.m2\repository\org\aspectj\aspectjweaver\1.9.20.1\aspectjweaver-1.9.20.1.jar;C:\Users\MSI\.m2\repository\org\springframework\boot\spring-boot-starter-jdbc\3.2.0\spring-boot-starter-jdbc-3.2.0.jar;C:\Users\MSI\.m2\repository\com\zaxxer\Hika
Launcher Type: SUN_STANDARD

[Global flags]
     intx CICompilerCount                          = 4                                         {product} {ergonomic}
     uint ConcGCThreads                            = 3                                         {product} {ergonomic}
     uint G1ConcRefinementThreads                  = 10                                        {product} {ergonomic}
   size_t G1HeapRegionSize                         = 2097152                                   {product} {ergonomic}
    uintx GCDrainStackTargetSize                   = 64                                        {product} {ergonomic}
   size_t InitialHeapSize                          = 266338304                                 {product} {ergonomic}
   size_t MarkStackSize                            = 4194304                                   {product} {ergonomic}
   size_t MaxHeapSize                              = 4248829952                                {product} {ergonomic}
   size_t MinHeapDeltaBytes                        = 2097152                                   {product} {ergonomic}
   size_t MinHeapSize                              = 8388608                                   {product} {ergonomic}
    uintx NonNMethodCodeHeapSize                   = 5839372                                {pd product} {ergonomic}
    uintx NonProfiledCodeHeapSize                  = 122909434                              {pd product} {ergonomic}
    uintx ProfiledCodeHeapSize                     = 122909434                              {pd product} {ergonomic}
    uintx ReservedCodeCacheSize                    = 251658240                              {pd product} {ergonomic}
     bool SegmentedCodeCache                       = true                                      {product} {ergonomic}
     bool ShowCodeDetailsInExceptionMessages       = true                                   {manageable} {command line}
   size_t SoftMaxHeapSize                          = 4248829952                             {manageable} {ergonomic}
     bool UseCompressedClassPointers               = true                           {product lp64_product} {ergonomic}
     bool UseCompressedOops                        = true                           {product lp64_product} {ergonomic}
     bool UseG1GC                                  = true                                      {product} {ergonomic}
     bool UseLargePagesIndividualAllocation        = false                                  {pd product} {ergonomic}

Logging:
Log output configuration:
 #0: stdout all=warning uptime,level,tags
 #1: stderr all=off uptime,level,tags

Environment Variables:
JAVA_HOME=C:\Program Files\Java\jdk-17.0.9
PATH=C:\Program Files\PowerShell\7;C:\oraclexe\app\oracle\product\10.2.0\server\bin;C:\Atelier_JEE\server\wildfly-27.0.1.Final\bin;C:\Windows\system32;C:\Windows;C:\Windows\System32\Wbem;C:\Windows\System32\WindowsPowerShell\v1.0\;C:\Windows\System32\OpenSSH\;C:\Program Files\dotnet\;C:\Program Files\Git\cmd;C:\composer;C:\Program Files\Docker\Docker\resources\bin;C:\ProgramData\DockerDesktop\version-bin;C:\src\flutter;C:\WINDOWS\system32;C:\WINDOWS;C:\WINDOWS\System32\Wbem;C:\WINDOWS\System32\WindowsPowerShell\v1.0\;C:\WINDOWS\System32\OpenSSH\;C:\src\flutter\bin;C:\Program Files\Microsoft SQL Server\150\Tools\Binn\;C:\Program Files\Microsoft SQL Server\Client SDK\ODBC\170\Tools\Binn\;C:\Program Files (x86)\Microsoft SQL Server\160\Tools\Binn\;C:\Program Files\Microsoft SQL Server\160\Tools\Binn\;C:\Program Files\Microsoft SQL Server\160\DTS\Binn\;C:\Program Files (x86)\Microsoft SQL Server\160\DTS\Binn\;C:\Program Files\Azure Data Studio\bin;C:\gradle\gradle-8.1.1\bin;C:\laragon\bin\php\php-8.1.10-Win32-vs16-x64\;C:\Program Files\nodejs\;C:\Users\MSI\Desktop\openssl-1.1.1w;C:\Users\MSI\Desktop\rania\3AINFO2\virtualisation\httpd-2.4.57-win64-VS17\Apache24\bin;C:\Users\MSI\Desktop\rania\3AINFO2\pfe\springboot\apache-maven-3.9.5\bin;C:\Program Files\PostgreSQL\16\bin;C:\Program Files\PowerShell\7\;C:\Users\MSI\Desktop\mongodb-win32-x86_64-windows-7.0.4\bin;C:\Program Files\Java\jdk-17.0.9\bin;C:\Program Files\MySQL\MySQL Shell 8.0\bin\;C:\Users\MSI\scoop\shims;C:\Users\MSI\AppData\Local\Microsoft\WindowsApps;C:\Users\MSI\.dotnet\tools;C:\Program Files\CodeBlocks\MinGW\bin;C:\Users\MSI\AppData\Roaming\Composer\vendor\bin;C:\Users\MSI\AppData\Local\Microsoft VS Code\bin;C:\Users\MSI\AppData\Local\GitHubDesktop\bin;C:\Users\MSI\.dotnet\tools;C:\Program Files\Azure Data Studio\bin;C:\flutter_sdk\flutter\bin;%IntelliJ IDEA Community Edition%;C:\Users\MSI\AppData\Roaming\npm;%IntelliJ IDEA%;C:\Users\MSI\Desktop\rania\3AINFO2\virtualisation\httpd-2.4.57-win64-VS17\Apache24\bin
USERNAME=MSI
LANG=en_US.UTF-8
OS=Windows_NT
PROCESSOR_IDENTIFIER=Intel64 Family 6 Model 165 Stepping 2, GenuineIntel



---------------  S Y S T E M  ---------------

OS:
 Windows 11 , 64 bit Build 22621 (10.0.22621.2506)
OS uptime: 2 days 13:17 hours
Hyper-V role detected

CPU: total 12 (initial active 12) (6 cores per cpu, 2 threads per core) family 6 model 165 stepping 2 microcode 0xe2, cx8, cmov, fxsr, ht, mmx, 3dnowpref, sse, sse2, sse3, ssse3, sse4.1, sse4.2, popcnt, lzcnt, tsc, tscinvbit, avx, avx2, aes, erms, clmul, bmi1, bmi2, adx, fma, vzeroupper, clflush, clflushopt, hv

Memory: 4k page, system-wide physical 16202M (4964M free)
TotalPageFile size 16202M (AvailPageFile size 16M)
current process WorkingSet (physical memory assigned to process): 11M, peak: 11M
current process commit charge ("private bytes"): 64M, peak: 318M

vm_info: Java HotSpot(TM) 64-Bit Server VM (17.0.9+11-LTS-201) for windows-amd64 JRE (17.0.9+11-LTS-201), built on Oct 10 2023 23:16:06 by "mach5one" with MS VC++ 17.1 (VS2022)

END.
